# JRE version: Java(TM) SE Runtime Environment (17.0+35) (build 17+35-LTS-2724)
# Java VM: Java HotSpot(TM) 64-Bit Server VM (17+35-LTS-2724, mixed mode, sharing, tiered, compressed oops, compressed class ptrs, g1 gc, windows-amd64)
GC Precious Log:
 CPUs: 8 total, 8 available
 Memory: 8087M
 Large Page Support: Disabled
 NUMA Support: Disabled
 Compressed Oops: Enabled (32-bit)
 Heap Region Size: 1M
 Heap Min Capacity: 8M
 Heap Initial Capacity: 128M
 Heap Max Capacity: 2022M
 Pre-touch: Disabled
 Parallel Workers: 8
 Concurrent Workers: 2
 Concurrent Refinement Workers: 8
 Periodic GC: Disabled
Heap:
 garbage-first heap   total 134144K, used 39834K [0x0000000081a00000, 0x0000000100000000)
  region size 1024K, 2 young (2048K), 2 survivors (2048K)
 Metaspace       used 27502K, committed 27904K, reserved 1081344K
  class space    used 2997K, committed 3200K, reserved 1048576K
GC Heap History (20 events):
Event: 10.594 GC heap after
{Heap after GC invocations=8 (full 0):
 garbage-first heap   total 59392K, used 26945K [0x0000000081a00000, 0x0000000100000000)
  region size 1024K, 4 young (4096K), 4 survivors (4096K)
 Metaspace       used 24911K, committed 25152K, reserved 1073152K
  class space    used 2775K, committed 2880K, reserved 1048576K
}
Event: 11.337 GC heap before
{Heap before GC invocations=8 (full 0):
 garbage-first heap   total 59392K, used 44353K [0x0000000081a00000, 0x0000000100000000)
  region size 1024K, 21 young (21504K), 4 survivors (4096K)
 Metaspace       used 26559K, committed 26880K, reserved 1073152K
  class space    used 2943K, committed 3072K, reserved 1048576K
}
Event: 11.348 GC heap after
{Heap after GC invocations=9 (full 0):
 garbage-first heap   total 59392K, used 28942K [0x0000000081a00000, 0x0000000100000000)
  region size 1024K, 2 young (2048K), 2 survivors (2048K)
 Metaspace       used 26559K, committed 26880K, reserved 1073152K
  class space    used 2943K, committed 3072K, reserved 1048576K
}
Event: 11.717 GC heap before
{Heap before GC invocations=9 (full 0):
 garbage-first heap   total 59392K, used 44302K [0x0000000081a00000, 0x0000000100000000)
  region size 1024K, 18 young (18432K), 2 survivors (2048K)
 Metaspace       used 26814K, committed 27136K, reserved 1073152K
  class space    used 2952K, committed 3136K, reserved 1048576K
}
Event: 11.724 GC heap after
{Heap after GC invocations=10 (full 0):
 garbage-first heap   total 59392K, used 29693K [0x0000000081a00000, 0x0000000100000000)
  region size 1024K, 1 young (1024K), 1 survivors (1024K)
 Metaspace       used 26814K, committed 27136K, reserved 1073152K
  class space    used 2952K, committed 3136K, reserved 1048576K
}
Event: 12.030 GC heap before
{Heap before GC invocations=11 (full 0):
 garbage-first heap   total 59392K, used 45053K [0x0000000081a00000, 0x0000000100000000)
  region size 1024K, 17 young (17408K), 1 survivors (1024K)
 Metaspace       used 26885K, committed 27200K, reserved 1073152K
  class space    used 2954K, committed 3136K, reserved 1048576K
}
Event: 12.036 GC heap after
{Heap after GC invocations=12 (full 0):
 garbage-first heap   total 59392K, used 34935K [0x0000000081a00000, 0x0000000100000000)
  region size 1024K, 3 young (3072K), 3 survivors (3072K)
 Metaspace       used 26885K, committed 27200K, reserved 1073152K
  class space    used 2954K, committed 3136K, reserved 1048576K
}
Event: 12.157 GC heap before
{Heap before GC invocations=12 (full 0):
 garbage-first heap   total 59392K, used 45175K [0x0000000081a00000, 0x0000000100000000)
  region size 1024K, 14 young (14336K), 3 survivors (3072K)
 Metaspace       used 26898K, committed 27200K, reserved 1073152K
  class space    used 2954K, committed 3136K, reserved 1048576K
}
Event: 12.165 GC heap after
{Heap after GC invocations=13 (full 0):
 garbage-first heap   total 75776K, used 37492K [0x0000000081a00000, 0x0000000100000000)
  region size 1024K, 2 young (2048K), 2 survivors (2048K)
 Metaspace       used 26898K, committed 27200K, reserved 1073152K
  class space    used 2954K, committed 3136K, reserved 1048576K
}
Event: 12.321 GC heap before
{Heap before GC invocations=14 (full 0):
 garbage-first heap   total 75776K, used 56948K [0x0000000081a00000, 0x0000000100000000)
  region size 1024K, 19 young (19456K), 2 survivors (2048K)
 Metaspace       used 26938K, committed 27264K, reserved 1073152K
  class space    used 2954K, committed 3136K, reserved 1048576K
}
Event: 12.330 GC heap after
{Heap after GC invocations=15 (full 0):
 garbage-first heap   total 75776K, used 43208K [0x0000000081a00000, 0x0000000100000000)
  region size 1024K, 3 young (3072K), 3 survivors (3072K)
 Metaspace       used 26938K, committed 27264K, reserved 1073152K
  class space    used 2954K, committed 3136K, reserved 1048576K
}
Event: 12.335 GC heap before
{Heap before GC invocations=15 (full 0):
 garbage-first heap   total 75776K, used 44232K [0x0000000081a00000, 0x0000000100000000)
  region size 1024K, 4 young (4096K), 3 survivors (3072K)
 Metaspace       used 26941K, committed 27264K, reserved 1073152K
  class space    used 2954K, committed 3136K, reserved 1048576K
}
Event: 12.342 GC heap after
{Heap after GC invocations=16 (full 0):
 garbage-first heap   total 75776K, used 43231K [0x0000000081a00000, 0x0000000100000000)
  region size 1024K, 1 young (1024K), 1 survivors (1024K)
 Metaspace       used 26941K, committed 27264K, reserved 1073152K
  class space    used 2954K, committed 3136K, reserved 1048576K
}
Event: 12.474 GC heap before
{Heap before GC invocations=16 (full 0):
 garbage-first heap   total 75776K, used 57567K [0x0000000081a00000, 0x0000000100000000)
  region size 1024K, 15 young (15360K), 1 survivors (1024K)
 Metaspace       used 27003K, committed 27328K, reserved 1073152K
  class space    used 2956K, committed 3136K, reserved 1048576K
}
Event: 12.483 GC heap after
{Heap after GC invocations=17 (full 0):
 garbage-first heap   total 75776K, used 45515K [0x0000000081a00000, 0x0000000100000000)
  region size 1024K, 2 young (2048K), 2 survivors (2048K)
 Metaspace       used 27003K, committed 27328K, reserved 1073152K
  class space    used 2956K, committed 3136K, reserved 1048576K
}
Event: 12.685 GC heap before
{Heap before GC invocations=18 (full 0):
 garbage-first heap   total 81920K, used 57803K [0x0000000081a00000, 0x0000000100000000)
  region size 1024K, 15 young (15360K), 2 survivors (2048K)
 Metaspace       used 27259K, committed 27584K, reserved 1073152K
  class space    used 2989K, committed 3136K, reserved 1048576K
}
Event: 12.694 GC heap after
{Heap after GC invocations=19 (full 0):
 garbage-first heap   total 81920K, used 45277K [0x0000000081a00000, 0x0000000100000000)
  region size 1024K, 1 young (1024K), 1 survivors (1024K)
 Metaspace       used 27259K, committed 27584K, reserved 1073152K
  class space    used 2989K, committed 3136K, reserved 1048576K
}
Event: 12.722 GC heap before
{Heap before GC invocations=19 (full 0):
 garbage-first heap   total 81920K, used 48349K [0x0000000081a00000, 0x0000000100000000)
  region size 1024K, 4 young (4096K), 1 survivors (1024K)
 Metaspace       used 27262K, committed 27584K, reserved 1073152K
  class space    used 2989K, committed 3136K, reserved 1048576K
}
Event: 12.737 GC heap after
{Heap after GC invocations=20 (full 0):
 garbage-first heap   total 81920K, used 39197K [0x0000000081a00000, 0x0000000100000000)
  region size 1024K, 1 young (1024K), 1 survivors (1024K)
 Metaspace       used 27262K, committed 27584K, reserved 1073152K
  class space    used 2989K, committed 3136K, reserved 1048576K
}
Event: 13.202 GC heap before
{Heap before GC invocations=20 (full 0):
 garbage-first heap   total 81920K, used 61725K [0x0000000081a00000, 0x0000000100000000)
  region size 1024K, 23 young (23552K), 1 survivors (1024K)
 Metaspace       used 27502K, committed 27904K, reserved 1081344K
  class space    used 2997K, committed 3200K, reserved 1048576K
}

