# JRE version: Java(TM) SE Runtime Environment (17.0+35) (build 17+35-LTS-2724)
# Java VM: Java HotSpot(TM) 64-Bit Server VM (17+35-LTS-2724, mixed mode, sharing, tiered, compressed oops, compressed class ptrs, g1 gc, windows-amd64)
GC Precious Log:
 CPUs: 8 total, 8 available
 Memory: 8087M
 Large Page Support: Disabled
 NUMA Support: Disabled
 Compressed Oops: Enabled (32-bit)
 Heap Region Size: 1M
 Heap Min Capacity: 8M
 Heap Initial Capacity: 128M
 Heap Max Capacity: 2022M
 Pre-touch: Disabled
 Parallel Workers: 8
 Concurrent Workers: 2
 Concurrent Refinement Workers: 8
 Periodic GC: Disabled
Heap:
 garbage-first heap   total 167936K, used 40230K [0x0000000081a00000, 0x0000000100000000)
  region size 1024K, 3 young (3072K), 2 survivors (2048K)
 Metaspace       used 28499K, committed 28864K, reserved 1081344K
  class space    used 3094K, committed 3264K, reserved 1048576K
GC Heap History (20 events):
Event: 9.503 GC heap before
{Heap before GC invocations=7 (full 0):
 garbage-first heap   total 55296K, used 38793K [0x0000000081a00000, 0x0000000100000000)
  region size 1024K, 25 young (25600K), 9 survivors (9216K)
 Metaspace       used 24499K, committed 24768K, reserved 1073152K
  class space    used 2756K, committed 2880K, reserved 1048576K
}
Event: 9.519 GC heap after
{Heap after GC invocations=8 (full 0):
 garbage-first heap   total 55296K, used 25988K [0x0000000081a00000, 0x0000000100000000)
  region size 1024K, 4 young (4096K), 4 survivors (4096K)
 Metaspace       used 24499K, committed 24768K, reserved 1073152K
  class space    used 2756K, committed 2880K, reserved 1048576K
}
Event: 9.931 GC heap before
{Heap before GC invocations=8 (full 0):
 garbage-first heap   total 55296K, used 39300K [0x0000000081a00000, 0x0000000100000000)
  region size 1024K, 17 young (17408K), 4 survivors (4096K)
 Metaspace       used 26017K, committed 26368K, reserved 1073152K
  class space    used 2926K, committed 3072K, reserved 1048576K
}
Event: 9.942 GC heap after
{Heap after GC invocations=9 (full 0):
 garbage-first heap   total 55296K, used 28041K [0x0000000081a00000, 0x0000000100000000)
  region size 1024K, 2 young (2048K), 2 survivors (2048K)
 Metaspace       used 26017K, committed 26368K, reserved 1073152K
  class space    used 2926K, committed 3072K, reserved 1048576K
}
Event: 10.359 GC heap before
{Heap before GC invocations=9 (full 0):
 garbage-first heap   total 55296K, used 40329K [0x0000000081a00000, 0x0000000100000000)
  region size 1024K, 14 young (14336K), 2 survivors (2048K)
 Metaspace       used 26470K, committed 26752K, reserved 1073152K
  class space    used 2942K, committed 3072K, reserved 1048576K
}
Event: 10.369 GC heap after
{Heap after GC invocations=10 (full 0):
 garbage-first heap   total 55296K, used 29540K [0x0000000081a00000, 0x0000000100000000)
  region size 1024K, 2 young (2048K), 2 survivors (2048K)
 Metaspace       used 26470K, committed 26752K, reserved 1073152K
  class space    used 2942K, committed 3072K, reserved 1048576K
}
Event: 10.676 GC heap before
{Heap before GC invocations=11 (full 0):
 garbage-first heap   total 55296K, used 40804K [0x0000000081a00000, 0x0000000100000000)
  region size 1024K, 14 young (14336K), 2 survivors (2048K)
 Metaspace       used 26731K, committed 27072K, reserved 1073152K
  class space    used 2951K, committed 3136K, reserved 1048576K
}
Event: 10.681 GC heap after
{Heap after GC invocations=12 (full 0):
 garbage-first heap   total 55296K, used 29846K [0x0000000081a00000, 0x0000000100000000)
  region size 1024K, 2 young (2048K), 2 survivors (2048K)
 Metaspace       used 26731K, committed 27072K, reserved 1073152K
  class space    used 2951K, committed 3136K, reserved 1048576K
}
Event: 10.872 GC heap before
{Heap before GC invocations=12 (full 0):
 garbage-first heap   total 55296K, used 41110K [0x0000000081a00000, 0x0000000100000000)
  region size 1024K, 14 young (14336K), 2 survivors (2048K)
 Metaspace       used 26785K, committed 27136K, reserved 1073152K
  class space    used 2952K, committed 3136K, reserved 1048576K
}
Event: 10.882 GC heap after
{Heap after GC invocations=13 (full 0):
 garbage-first heap   total 80896K, used 32897K [0x0000000081a00000, 0x0000000100000000)
  region size 1024K, 2 young (2048K), 2 survivors (2048K)
 Metaspace       used 26785K, committed 27136K, reserved 1073152K
  class space    used 2952K, committed 3136K, reserved 1048576K
}
Event: 11.202 GC heap before
{Heap before GC invocations=14 (full 0):
 garbage-first heap   total 80896K, used 57473K [0x0000000081a00000, 0x0000000100000000)
  region size 1024K, 27 young (27648K), 2 survivors (2048K)
 Metaspace       used 26838K, committed 27200K, reserved 1073152K
  class space    used 2952K, committed 3136K, reserved 1048576K
}
Event: 11.212 GC heap after
{Heap after GC invocations=15 (full 0):
 garbage-first heap   total 80896K, used 38622K [0x0000000081a00000, 0x0000000100000000)
  region size 1024K, 4 young (4096K), 4 survivors (4096K)
 Metaspace       used 26838K, committed 27200K, reserved 1073152K
  class space    used 2952K, committed 3136K, reserved 1048576K
}
Event: 11.358 GC heap before
{Heap before GC invocations=15 (full 0):
 garbage-first heap   total 80896K, used 62174K [0x0000000081a00000, 0x0000000100000000)
  region size 1024K, 25 young (25600K), 4 survivors (4096K)
 Metaspace       used 26908K, committed 27264K, reserved 1073152K
  class space    used 2954K, committed 3136K, reserved 1048576K
}
Event: 11.369 GC heap after
{Heap after GC invocations=16 (full 0):
 garbage-first heap   total 80896K, used 44701K [0x0000000081a00000, 0x0000000100000000)
  region size 1024K, 4 young (4096K), 4 survivors (4096K)
 Metaspace       used 26908K, committed 27264K, reserved 1073152K
  class space    used 2954K, committed 3136K, reserved 1048576K
}
Event: 11.589 GC heap before
{Heap before GC invocations=16 (full 0):
 garbage-first heap   total 80896K, used 62109K [0x0000000081a00000, 0x0000000100000000)
  region size 1024K, 21 young (21504K), 4 survivors (4096K)
 Metaspace       used 27184K, committed 27520K, reserved 1073152K
  class space    used 2986K, committed 3136K, reserved 1048576K
}
Event: 11.601 GC heap after
{Heap after GC invocations=17 (full 0):
 garbage-first heap   total 80896K, used 46545K [0x0000000081a00000, 0x0000000100000000)
  region size 1024K, 2 young (2048K), 2 survivors (2048K)
 Metaspace       used 27184K, committed 27520K, reserved 1073152K
  class space    used 2986K, committed 3136K, reserved 1048576K
}
Event: 11.843 GC heap before
{Heap before GC invocations=18 (full 0):
 garbage-first heap   total 83968K, used 62929K [0x0000000081a00000, 0x0000000100000000)
  region size 1024K, 19 young (19456K), 2 survivors (2048K)
 Metaspace       used 27300K, committed 27584K, reserved 1073152K
  class space    used 2989K, committed 3136K, reserved 1048576K
}
Event: 11.847 GC heap after
{Heap after GC invocations=19 (full 0):
 garbage-first heap   total 83968K, used 45782K [0x0000000081a00000, 0x0000000100000000)
  region size 1024K, 2 young (2048K), 2 survivors (2048K)
 Metaspace       used 27300K, committed 27584K, reserved 1073152K
  class space    used 2989K, committed 3136K, reserved 1048576K
}
Event: 11.881 GC heap before
{Heap before GC invocations=19 (full 0):
 garbage-first heap   total 83968K, used 47830K [0x0000000081a00000, 0x0000000100000000)
  region size 1024K, 4 young (4096K), 2 survivors (2048K)
 Metaspace       used 27330K, committed 27648K, reserved 1073152K
  class space    used 2989K, committed 3136K, reserved 1048576K
}
Event: 11.893 GC heap after
{Heap after GC invocations=20 (full 0):
 garbage-first heap   total 83968K, used 39641K [0x0000000081a00000, 0x0000000100000000)
  region size 1024K, 1 young (1024K), 1 survivors (1024K)
 Metaspace       used 27330K, committed 27648K, reserved 1073152K
  class space    used 2989K, committed 3136K, reserved 1048576K
}

